<?xml version="1.0" encoding="UTF-8"?>
<testng-results skipped="0" failed="0" ignored="0" total="1" passed="1">
  <reporter-output>
  </reporter-output>
  <suite name="Default suite" duration-ms="43018" started-at="2019-10-11T11:01:36Z" finished-at="2019-10-11T11:02:19Z">
    <groups>
    </groups>
    <test name="Default test" duration-ms="43018" started-at="2019-10-11T11:01:36Z" finished-at="2019-10-11T11:02:19Z">
      <class name="automation.phpautomation.login">
        <test-method status="PASS" signature="main()[pri:0, instance:automation.phpautomation.login@4232c52b]" name="main" duration-ms="42945" started-at="2019-10-11T16:31:36Z" finished-at="2019-10-11T16:32:19Z">
          <reporter-output>
          </reporter-output>
        </test-method> <!-- main -->
      </class> <!-- automation.phpautomation.login -->
    </test> <!-- Default test -->
  </suite> <!-- Default suite -->
</testng-results>
